<?xml version="1.0" encoding="UTF-8"?>
<!-- Generated by org.testng.reporters.JUnitXMLReporter -->
<testsuite ignored="4" hostname="TY-SHWETHA-M" failures="0" tests="4" name="Test" time="0.044" errors="0" timestamp="2023-01-16T17:15:58 IST">
  <testcase classname="practice.TestScript_01" name="script02" time="0.006"/>
  <testcase classname="practice.TestScript_02" name="script03" time="0.001"/>
  <testcase classname="practice.TestScript_02" name="script04" time="0.001"/>
  <testcase classname="practice.TestScript_03" name="script06" time="0.001"/>
  <testcase classname="practice.TestScript_01" name="script01" time="0.0">
    <ignored/>
  </testcase> <!-- script01 -->
  <testcase classname="practice.TestScript_04" name="script08" time="0.0">
    <ignored/>
  </testcase> <!-- script08 -->
  <testcase classname="practice.TestScript_03" name="script05" time="0.0">
    <ignored/>
  </testcase> <!-- script05 -->
  <testcase classname="practice.TestScript_04" name="script07" time="0.0">
    <ignored/>
  </testcase> <!-- script07 -->
</testsuite> <!-- Test -->
